<?xml version="1.0" encoding="UTF-8"?>
<testng-results skipped="0" failed="0" total="1" passed="1">
  <reporter-output>
  </reporter-output>
  <suite name="Default suite" duration-ms="124370" started-at="2018-09-05T11:33:54Z" finished-at="2018-09-05T11:35:58Z">
    <groups>
    </groups>
    <test name="Default test" duration-ms="124370" started-at="2018-09-05T11:33:54Z" finished-at="2018-09-05T11:35:58Z">
      <class name="com.signity.VerifyImages">
        <test-method status="PASS" signature="setUp()[pri:0, instance:com.signity.VerifyImages@21213b92]" name="setUp" is-config="true" duration-ms="51522" started-at="2018-09-05T17:03:54Z" finished-at="2018-09-05T17:04:45Z">
          <reporter-output>
          </reporter-output>
        </test-method> <!-- setUp -->
        <test-method status="PASS" signature="validateInvalidImages()[pri:0, instance:com.signity.VerifyImages@21213b92]" name="validateInvalidImages" duration-ms="71850" started-at="2018-09-05T17:04:45Z" finished-at="2018-09-05T17:05:57Z">
          <reporter-output>
          </reporter-output>
        </test-method> <!-- validateInvalidImages -->
        <test-method status="PASS" signature="tearDown()[pri:0, instance:com.signity.VerifyImages@21213b92]" name="tearDown" is-config="true" duration-ms="975" started-at="2018-09-05T17:05:57Z" finished-at="2018-09-05T17:05:58Z">
          <reporter-output>
          </reporter-output>
        </test-method> <!-- tearDown -->
      </class> <!-- com.signity.VerifyImages -->
    </test> <!-- Default test -->
  </suite> <!-- Default suite -->
</testng-results>
